Currently on seed 0
Currently starting cb 0
2083262
Traceback (most recent call last):
  File "/home/quoding/Documents/PhD/neuronshapley/cb_run.py", line 7, in <module>
    import tensorflow as tf
ModuleNotFoundError: No module named 'tensorflow'
Traceback (most recent call last):
  File "/home/quoding/Documents/PhD/neuronshapley/cb_aggregate.py", line 5, in <module>
    import tensorflow as tf
ModuleNotFoundError: No module named 'tensorflow'
2083263
Currently on seed 1
Currently starting cb 0
2083271
Traceback (most recent call last):
  File "/home/quoding/Documents/PhD/neuronshapley/cb_run.py", line 7, in <module>
    import tensorflow as tf
ModuleNotFoundError: No module named 'tensorflow'
Traceback (most recent call last):
  File "/home/quoding/Documents/PhD/neuronshapley/cb_aggregate.py", line 5, in <module>
    import tensorflow as tf
ModuleNotFoundError: No module named 'tensorflow'
2083272
Currently on seed 0
Currently starting cb 0
2083314
WARNING:tensorflow:
The TensorFlow contrib module will not be included in TensorFlow 2.0.
For more information, please see:
  * https://github.com/tensorflow/community/blob/master/rfcs/20180907-contrib-sunset.md
  * https://github.com/tensorflow/addons
  * https://github.com/tensorflow/io (for I/O related ops)
If you depend on functionality not listed there, please file an issue.

WARNING:tensorflow:From /home/quoding/Documents/PhD/neuronshapley/inception_utils.py:38: The name tf.GraphKeys is deprecated. Please use tf.compat.v1.GraphKeys instead.

WARNING:tensorflow:From cb_run.py:370: The name tf.gfile.Exists is deprecated. Please use tf.io.gfile.exists instead.

WARNING:tensorflow:From cb_run.py:382: The name tf.reset_default_graph is deprecated. Please use tf.compat.v1.reset_default_graph instead.

WARNING:tensorflow:From /home/quoding/Documents/PhD/neuronshapley/custom.py:40: The name tf.placeholder is deprecated. Please use tf.compat.v1.placeholder instead.

WARNING:tensorflow:From /home/quoding/Documents/PhD/neuronshapley/custom.py:71: The name tf.global_variables_initializer is deprecated. Please use tf.compat.v1.global_variables_initializer instead.

WARNING:tensorflow:From /home/quoding/Documents/PhD/neuronshapley/custom.py:73: The name tf.Session is deprecated. Please use tf.compat.v1.Session instead.

2024-02-15 16:42:10.085179: W tensorflow/stream_executor/platform/default/dso_loader.cc:55] Could not load dynamic library 'libcuda.so.1'; dlerror: libcuda.so.1: cannot open shared object file: No such file or directory
2024-02-15 16:42:10.085199: E tensorflow/stream_executor/cuda/cuda_driver.cc:318] failed call to cuInit: UNKNOWN ERROR (303)
2024-02-15 16:42:10.085215: I tensorflow/stream_executor/cuda/cuda_diagnostics.cc:156] kernel driver does not appear to be running on this host (nightrider): /proc/driver/nvidia/version does not exist
2024-02-15 16:42:10.085337: I tensorflow/core/platform/cpu_feature_guard.cc:142] Your CPU supports instructions that this TensorFlow binary was not compiled to use: AVX2 FMA
2024-02-15 16:42:10.089537: I tensorflow/core/platform/profile_utils/cpu_utils.cc:94] CPU Frequency: 2000800000 Hz
2024-02-15 16:42:10.089881: I tensorflow/compiler/xla/service/service.cc:168] XLA service 0x58808eaba5e0 initialized for platform Host (this does not guarantee that XLA will be used). Devices:
2024-02-15 16:42:10.089900: I tensorflow/compiler/xla/service/service.cc:176]   StreamExecutor device (0): Host, Default Version
WARNING:tensorflow:From /home/quoding/Documents/PhD/neuronshapley/custom.py:75: The name tf.train.Saver is deprecated. Please use tf.compat.v1.train.Saver instead.

WARNING:tensorflow:From cb_run.py:388: The name tf.get_default_graph is deprecated. Please use tf.compat.v1.get_default_graph instead.

WARNING:tensorflow:From cb_run.py:389: The name tf.summary.FileWriter is deprecated. Please use tf.compat.v1.summary.FileWriter instead.

WARNING:tensorflow:From cb_run.py:399: The name tf.global_variables is deprecated. Please use tf.compat.v1.global_variables instead.

WARNING:tensorflow:From cb_run.py:450: The name tf.gfile.ListDirectory is deprecated. Please use tf.io.gfile.listdir instead.

WARNING:tensorflow:From cb_run.py:58: Variable.load (from tensorflow.python.ops.variables) is deprecated and will be removed in a future version.
Instructions for updating:
Prefer Variable.assign which has equivalent behavior in 2.X.
WARNING:tensorflow:From cb_aggregate.py:35: The name tf.gfile.Exists is deprecated. Please use tf.io.gfile.exists instead.

WARNING:tensorflow:From cb_aggregate.py:90: The name tf.gfile.ListDirectory is deprecated. Please use tf.io.gfile.listdir instead.

2083315
Currently on seed 1
Currently starting cb 0
2083655
WARNING:tensorflow:
The TensorFlow contrib module will not be included in TensorFlow 2.0.
For more information, please see:
  * https://github.com/tensorflow/community/blob/master/rfcs/20180907-contrib-sunset.md
  * https://github.com/tensorflow/addons
  * https://github.com/tensorflow/io (for I/O related ops)
If you depend on functionality not listed there, please file an issue.

Currently on seed 0
Currently starting cb 0
2083701
WARNING:tensorflow:From /home/quoding/Documents/PhD/neuronshapley/inception_utils.py:38: The name tf.GraphKeys is deprecated. Please use tf.compat.v1.GraphKeys instead.

WARNING:tensorflow:From cb_run.py:370: The name tf.gfile.Exists is deprecated. Please use tf.io.gfile.exists instead.

WARNING:tensorflow:From cb_run.py:371: The name tf.gfile.MakeDirs is deprecated. Please use tf.io.gfile.makedirs instead.

WARNING:tensorflow:From cb_run.py:382: The name tf.reset_default_graph is deprecated. Please use tf.compat.v1.reset_default_graph instead.

WARNING:tensorflow:From /home/quoding/Documents/PhD/neuronshapley/custom.py:40: The name tf.placeholder is deprecated. Please use tf.compat.v1.placeholder instead.

WARNING:tensorflow:From /home/quoding/Documents/PhD/neuronshapley/custom.py:71: The name tf.global_variables_initializer is deprecated. Please use tf.compat.v1.global_variables_initializer instead.

WARNING:tensorflow:From /home/quoding/Documents/PhD/neuronshapley/custom.py:73: The name tf.Session is deprecated. Please use tf.compat.v1.Session instead.

2024-02-15 16:42:56.880006: W tensorflow/stream_executor/platform/default/dso_loader.cc:55] Could not load dynamic library 'libcuda.so.1'; dlerror: libcuda.so.1: cannot open shared object file: No such file or directory
2024-02-15 16:42:56.880041: E tensorflow/stream_executor/cuda/cuda_driver.cc:318] failed call to cuInit: UNKNOWN ERROR (303)
2024-02-15 16:42:56.880070: I tensorflow/stream_executor/cuda/cuda_diagnostics.cc:156] kernel driver does not appear to be running on this host (nightrider): /proc/driver/nvidia/version does not exist
2024-02-15 16:42:56.880317: I tensorflow/core/platform/cpu_feature_guard.cc:142] Your CPU supports instructions that this TensorFlow binary was not compiled to use: AVX2 FMA
2024-02-15 16:42:56.886179: I tensorflow/core/platform/profile_utils/cpu_utils.cc:94] CPU Frequency: 2000800000 Hz
2024-02-15 16:42:56.886620: I tensorflow/compiler/xla/service/service.cc:168] XLA service 0x60bddd8ea6c0 initialized for platform Host (this does not guarantee that XLA will be used). Devices:
2024-02-15 16:42:56.886647: I tensorflow/compiler/xla/service/service.cc:176]   StreamExecutor device (0): Host, Default Version
WARNING:tensorflow:From /home/quoding/Documents/PhD/neuronshapley/custom.py:75: The name tf.train.Saver is deprecated. Please use tf.compat.v1.train.Saver instead.

WARNING:tensorflow:From cb_run.py:388: The name tf.get_default_graph is deprecated. Please use tf.compat.v1.get_default_graph instead.

WARNING:tensorflow:From cb_run.py:389: The name tf.summary.FileWriter is deprecated. Please use tf.compat.v1.summary.FileWriter instead.

WARNING:tensorflow:From cb_run.py:399: The name tf.global_variables is deprecated. Please use tf.compat.v1.global_variables instead.

WARNING:tensorflow:From cb_run.py:450: The name tf.gfile.ListDirectory is deprecated. Please use tf.io.gfile.listdir instead.

WARNING:tensorflow:
The TensorFlow contrib module will not be included in TensorFlow 2.0.
For more information, please see:
  * https://github.com/tensorflow/community/blob/master/rfcs/20180907-contrib-sunset.md
  * https://github.com/tensorflow/addons
  * https://github.com/tensorflow/io (for I/O related ops)
If you depend on functionality not listed there, please file an issue.

WARNING:tensorflow:From /home/quoding/Documents/PhD/neuronshapley/inception_utils.py:38: The name tf.GraphKeys is deprecated. Please use tf.compat.v1.GraphKeys instead.

WARNING:tensorflow:From cb_run.py:370: The name tf.gfile.Exists is deprecated. Please use tf.io.gfile.exists instead.

WARNING:tensorflow:From cb_run.py:371: The name tf.gfile.MakeDirs is deprecated. Please use tf.io.gfile.makedirs instead.

WARNING:tensorflow:From cb_run.py:382: The name tf.reset_default_graph is deprecated. Please use tf.compat.v1.reset_default_graph instead.

WARNING:tensorflow:From /home/quoding/Documents/PhD/neuronshapley/custom.py:40: The name tf.placeholder is deprecated. Please use tf.compat.v1.placeholder instead.

WARNING:tensorflow:From /home/quoding/Documents/PhD/neuronshapley/custom.py:71: The name tf.global_variables_initializer is deprecated. Please use tf.compat.v1.global_variables_initializer instead.

WARNING:tensorflow:From /home/quoding/Documents/PhD/neuronshapley/custom.py:73: The name tf.Session is deprecated. Please use tf.compat.v1.Session instead.

2024-02-15 16:42:58.500863: W tensorflow/stream_executor/platform/default/dso_loader.cc:55] Could not load dynamic library 'libcuda.so.1'; dlerror: libcuda.so.1: cannot open shared object file: No such file or directory
2024-02-15 16:42:58.500883: E tensorflow/stream_executor/cuda/cuda_driver.cc:318] failed call to cuInit: UNKNOWN ERROR (303)
2024-02-15 16:42:58.500896: I tensorflow/stream_executor/cuda/cuda_diagnostics.cc:156] kernel driver does not appear to be running on this host (nightrider): /proc/driver/nvidia/version does not exist
2024-02-15 16:42:58.501026: I tensorflow/core/platform/cpu_feature_guard.cc:142] Your CPU supports instructions that this TensorFlow binary was not compiled to use: AVX2 FMA
2024-02-15 16:42:58.505350: I tensorflow/core/platform/profile_utils/cpu_utils.cc:94] CPU Frequency: 2000800000 Hz
2024-02-15 16:42:58.505701: I tensorflow/compiler/xla/service/service.cc:168] XLA service 0x5b255207ccd0 initialized for platform Host (this does not guarantee that XLA will be used). Devices:
2024-02-15 16:42:58.505720: I tensorflow/compiler/xla/service/service.cc:176]   StreamExecutor device (0): Host, Default Version
WARNING:tensorflow:From /home/quoding/Documents/PhD/neuronshapley/custom.py:75: The name tf.train.Saver is deprecated. Please use tf.compat.v1.train.Saver instead.

WARNING:tensorflow:From cb_run.py:388: The name tf.get_default_graph is deprecated. Please use tf.compat.v1.get_default_graph instead.

WARNING:tensorflow:From cb_run.py:389: The name tf.summary.FileWriter is deprecated. Please use tf.compat.v1.summary.FileWriter instead.

WARNING:tensorflow:From cb_run.py:399: The name tf.global_variables is deprecated. Please use tf.compat.v1.global_variables instead.

WARNING:tensorflow:From cb_run.py:450: The name tf.gfile.ListDirectory is deprecated. Please use tf.io.gfile.listdir instead.

WARNING:tensorflow:From cb_aggregate.py:35: The name tf.gfile.Exists is deprecated. Please use tf.io.gfile.exists instead.

WARNING:tensorflow:From cb_run.py:58: Variable.load (from tensorflow.python.ops.variables) is deprecated and will be removed in a future version.
Instructions for updating:
Prefer Variable.assign which has equivalent behavior in 2.X.
WARNING:tensorflow:From cb_aggregate.py:90: The name tf.gfile.ListDirectory is deprecated. Please use tf.io.gfile.listdir instead.

WARNING:tensorflow:From cb_aggregate.py:35: The name tf.gfile.Exists is deprecated. Please use tf.io.gfile.exists instead.

WARNING:tensorflow:From cb_run.py:58: Variable.load (from tensorflow.python.ops.variables) is deprecated and will be removed in a future version.
Instructions for updating:
Prefer Variable.assign which has equivalent behavior in 2.X.
WARNING:tensorflow:From cb_aggregate.py:90: The name tf.gfile.ListDirectory is deprecated. Please use tf.io.gfile.listdir instead.

2083702
2083656
Currently on seed 1
Currently starting cb 0
2090435
WARNING:tensorflow:
The TensorFlow contrib module will not be included in TensorFlow 2.0.
For more information, please see:
  * https://github.com/tensorflow/community/blob/master/rfcs/20180907-contrib-sunset.md
  * https://github.com/tensorflow/addons
  * https://github.com/tensorflow/io (for I/O related ops)
If you depend on functionality not listed there, please file an issue.

WARNING:tensorflow:From /home/quoding/Documents/PhD/neuronshapley/inception_utils.py:38: The name tf.GraphKeys is deprecated. Please use tf.compat.v1.GraphKeys instead.

WARNING:tensorflow:From cb_run.py:370: The name tf.gfile.Exists is deprecated. Please use tf.io.gfile.exists instead.

WARNING:tensorflow:From cb_run.py:382: The name tf.reset_default_graph is deprecated. Please use tf.compat.v1.reset_default_graph instead.

WARNING:tensorflow:From /home/quoding/Documents/PhD/neuronshapley/custom.py:40: The name tf.placeholder is deprecated. Please use tf.compat.v1.placeholder instead.

WARNING:tensorflow:From /home/quoding/Documents/PhD/neuronshapley/custom.py:71: The name tf.global_variables_initializer is deprecated. Please use tf.compat.v1.global_variables_initializer instead.

WARNING:tensorflow:From /home/quoding/Documents/PhD/neuronshapley/custom.py:73: The name tf.Session is deprecated. Please use tf.compat.v1.Session instead.

2024-02-15 16:43:35.196031: W tensorflow/stream_executor/platform/default/dso_loader.cc:55] Could not load dynamic library 'libcuda.so.1'; dlerror: libcuda.so.1: cannot open shared object file: No such file or directory
2024-02-15 16:43:35.196050: E tensorflow/stream_executor/cuda/cuda_driver.cc:318] failed call to cuInit: UNKNOWN ERROR (303)
2024-02-15 16:43:35.196063: I tensorflow/stream_executor/cuda/cuda_diagnostics.cc:156] kernel driver does not appear to be running on this host (nightrider): /proc/driver/nvidia/version does not exist
2024-02-15 16:43:35.196189: I tensorflow/core/platform/cpu_feature_guard.cc:142] Your CPU supports instructions that this TensorFlow binary was not compiled to use: AVX2 FMA
2024-02-15 16:43:35.200724: I tensorflow/core/platform/profile_utils/cpu_utils.cc:94] CPU Frequency: 2000800000 Hz
2024-02-15 16:43:35.201058: I tensorflow/compiler/xla/service/service.cc:168] XLA service 0x5df7c6a054b0 initialized for platform Host (this does not guarantee that XLA will be used). Devices:
2024-02-15 16:43:35.201076: I tensorflow/compiler/xla/service/service.cc:176]   StreamExecutor device (0): Host, Default Version
WARNING:tensorflow:From /home/quoding/Documents/PhD/neuronshapley/custom.py:75: The name tf.train.Saver is deprecated. Please use tf.compat.v1.train.Saver instead.

WARNING:tensorflow:From cb_run.py:388: The name tf.get_default_graph is deprecated. Please use tf.compat.v1.get_default_graph instead.

WARNING:tensorflow:From cb_run.py:389: The name tf.summary.FileWriter is deprecated. Please use tf.compat.v1.summary.FileWriter instead.

WARNING:tensorflow:From cb_run.py:399: The name tf.global_variables is deprecated. Please use tf.compat.v1.global_variables instead.

WARNING:tensorflow:From cb_run.py:450: The name tf.gfile.ListDirectory is deprecated. Please use tf.io.gfile.listdir instead.

WARNING:tensorflow:From cb_aggregate.py:35: The name tf.gfile.Exists is deprecated. Please use tf.io.gfile.exists instead.

WARNING:tensorflow:From cb_aggregate.py:90: The name tf.gfile.ListDirectory is deprecated. Please use tf.io.gfile.listdir instead.

WARNING:tensorflow:From cb_run.py:58: Variable.load (from tensorflow.python.ops.variables) is deprecated and will be removed in a future version.
Instructions for updating:
Prefer Variable.assign which has equivalent behavior in 2.X.
2090436
